[11:29:17.177] [INFO] Storybook upgrade - v10.1.10
[11:29:17.179] [INFO] detect-projects-spinner-start: Detecting projects...
[11:29:17.183] [INFO] detect-projects-spinner: Detecting projects: 1 projects
[11:29:17.183] [DEBUG] Getting Storybook data...
[11:29:17.183] [DEBUG] Getting Storybook info...
[11:29:17.495] [DEBUG] Loading main config...
[11:29:17.495] [DEBUG] Getting stories paths...
[11:29:17.510] [DEBUG] Getting package manager...
[11:29:17.863] [DEBUG] Getting package.json info for /Users/nartc/code/github/angular-threejs/angular-three/package.json...
[11:29:17.863] [DEBUG] Getting Storybook version...
[11:29:17.863] [DEBUG] libs/soba/.storybook - Validating before version... 10.1.10
[11:29:17.863] [DEBUG] libs/soba/.storybook - Validating upgrade compatibility...
[11:29:17.863] [DEBUG] libs/soba/.storybook - Fetching NPM version information...
[11:29:17.863] [DEBUG] Getting CLI versions from NPM for storybook...
[11:29:17.863] [DEBUG] Executing command: pnpm info storybook version
[11:29:17.866] [DEBUG] Getting CLI versions from NPM for storybook@next...
[11:29:17.866] [DEBUG] Executing command: pnpm info storybook@next version
[11:29:18.545] [DEBUG] libs/soba/.storybook - Evaluating blockers...
[11:29:18.554] [DEBUG] Getting installed version for @storybook/experimental-addon-test...
[11:29:18.554] [DEBUG] Executing command: pnpm list "@storybook/experimental-addon-test" --json --depth=99
[11:29:18.778] [INFO] detect-projects-spinner-stop: 1 project detected
[11:29:18.779] [DEBUG] Found 1 valid projects and 0 error projects
[11:29:18.779] [INFO] Upgrading from [1m10.1.10[22m to [1m10.1.10[22m
[11:29:18.780] [INFO] upgrade-dependencies-task-start: Fetching versions to update package.json files..
[11:29:18.780] [DEBUG] Updating dependencies in libs/soba/.storybook...
[11:29:18.780] [INFO] upgrade-dependencies-task: /libs/soba/package.json
/package.json
[11:29:18.780] [DEBUG] Using cached package.json for /Users/nartc/code/github/angular-threejs/angular-three/libs/soba/package.json...
[11:29:18.780] [DEBUG] {
  "upgradedDependencies": []
}
[11:29:18.780] [DEBUG] {
  "upgradedDevDependencies": []
}
[11:29:18.780] [DEBUG] {
  "upgradedPeerDependencies": []
}
[11:29:18.780] [DEBUG] Getting package.json info for /Users/nartc/code/github/angular-threejs/angular-three/libs/soba/package.json...
[11:29:18.780] [DEBUG] Using cached package.json for /Users/nartc/code/github/angular-threejs/angular-three/libs/soba/package.json...
[11:29:18.781] [DEBUG] Getting package.json info for /Users/nartc/code/github/angular-threejs/angular-three/libs/soba/package.json...
[11:29:18.781] [DEBUG] Using cached package.json for /Users/nartc/code/github/angular-threejs/angular-three/libs/soba/package.json...
[11:29:18.781] [DEBUG] Getting package.json info for /Users/nartc/code/github/angular-threejs/angular-three/libs/soba/package.json...
[11:29:18.781] [DEBUG] Using cached package.json for /Users/nartc/code/github/angular-threejs/angular-three/libs/soba/package.json...
[11:29:18.781] [DEBUG] Using cached package.json for /Users/nartc/code/github/angular-threejs/angular-three/package.json...
[11:29:18.781] [DEBUG] Getting CLI versions from NPM for @chromatic-com/storybook...
[11:29:18.781] [DEBUG] Executing command: pnpm info @chromatic-com/storybook version
[11:29:18.783] [DEBUG] Getting CLI versions from NPM for @storybook/test-runner...
[11:29:18.783] [DEBUG] Executing command: pnpm info @storybook/test-runner version
[11:29:19.948] [DEBUG] {
  "upgradedDependencies": []
}
[11:29:19.948] [DEBUG] {
  "upgradedDevDependencies": [
    "@storybook/addon-docs@^10.1.10",
    "@storybook/angular@10.1.10",
    "eslint-plugin-storybook@10.1.10",
    "storybook@10.1.10",
    "@chromatic-com/storybook@^4.1.3",
    "@storybook/test-runner@0.24.2"
  ]
}
[11:29:19.948] [DEBUG] {
  "upgradedPeerDependencies": []
}
[11:29:19.948] [DEBUG] Getting package.json info for /Users/nartc/code/github/angular-threejs/angular-three/package.json...
[11:29:19.948] [DEBUG] Using cached package.json for /Users/nartc/code/github/angular-threejs/angular-three/package.json...
[11:29:19.948] [DEBUG] Getting package.json info for /Users/nartc/code/github/angular-threejs/angular-three/package.json...
[11:29:19.948] [DEBUG] Using cached package.json for /Users/nartc/code/github/angular-threejs/angular-three/package.json...
[11:29:19.948] [DEBUG] Getting CLI versions from NPM for @storybook/addon-docs...
[11:29:19.948] [DEBUG] Executing command: pnpm info @storybook/addon-docs version
[11:29:21.350] [DEBUG] Getting CLI versions from NPM for @storybook/angular...
[11:29:21.350] [DEBUG] Executing command: pnpm info @storybook/angular version
[11:29:22.234] [DEBUG] Getting CLI versions from NPM for eslint-plugin-storybook...
[11:29:22.234] [DEBUG] Executing command: pnpm info eslint-plugin-storybook version
[11:29:22.919] [DEBUG] Using cached version for storybook...
[11:29:22.919] [DEBUG] Using cached version for @chromatic-com/storybook...
[11:29:22.919] [DEBUG] Using cached version for @storybook/test-runner...
[11:29:22.919] [DEBUG] Getting package.json info for /Users/nartc/code/github/angular-threejs/angular-three/package.json...
[11:29:22.919] [DEBUG] Using cached package.json for /Users/nartc/code/github/angular-threejs/angular-three/package.json...
[11:29:22.919] [INFO] upgrade-dependencies-task-success: Updated package versions in package.json files
[11:29:22.920] [INFO] detect-automigrations-task-start: Detecting automigrations...
[11:29:22.920] [DEBUG] Starting automigration collection across 1 projects and 19 fixes...
[11:29:22.920] [INFO] detect-automigrations-task: Checking automigrations for libs/soba/.storybook...
[11:29:22.920] [DEBUG] Processing project: libs/soba/.storybook
[11:29:22.920] [DEBUG] Checking fix eslintPlugin for project libs/soba/.storybook...
[11:29:22.920] [DEBUG] Using cached package.json for /Users/nartc/code/github/angular-threejs/angular-three/libs/soba/package.json...
[11:29:22.920] [DEBUG] Using cached package.json for /Users/nartc/code/github/angular-threejs/angular-three/package.json...
[11:29:22.920] [DEBUG] Using cached package.json for /Users/nartc/code/github/angular-threejs/angular-three/package.json...
[11:29:22.921] [DEBUG] Checking fix addon-mdx-gfm-remove for project libs/soba/.storybook...
[11:29:22.921] [DEBUG] Using cached package.json for /Users/nartc/code/github/angular-threejs/angular-three/libs/soba/package.json...
[11:29:22.921] [DEBUG] Using cached package.json for /Users/nartc/code/github/angular-threejs/angular-three/package.json...
[11:29:22.921] [DEBUG] Checking fix addon-storysource-code-panel for project libs/soba/.storybook...
[11:29:22.921] [DEBUG] Checking fix upgrade-storybook-related-dependencies for project libs/soba/.storybook...
[11:29:22.921] [DEBUG] Checking for incompatible storybook packages...
[11:29:22.921] [DEBUG] Using cached package.json for /Users/nartc/code/github/angular-threejs/angular-three/libs/soba/package.json...
[11:29:22.921] [DEBUG] Using cached package.json for /Users/nartc/code/github/angular-threejs/angular-three/package.json...
[11:29:22.922] [DEBUG] Using cached package.json for /Users/nartc/code/github/angular-threejs/angular-three/libs/soba/package.json...
[11:29:22.922] [DEBUG] Using cached package.json for /Users/nartc/code/github/angular-threejs/angular-three/package.json...
[11:29:22.923] [DEBUG] Getting installed version for @nx/storybook...
[11:29:22.923] [DEBUG] Executing command: pnpm list "@nx/storybook" --json --depth=99
[11:29:22.924] [DEBUG] Getting installed version for storybook-addon-deep-controls...
[11:29:22.924] [DEBUG] Executing command: pnpm list "storybook-addon-deep-controls" --json --depth=99
[11:29:23.166] [DEBUG] Getting CLI versions from NPM for @nx/storybook...
[11:29:23.166] [DEBUG] Executing command: pnpm info @nx/storybook version
[11:29:23.168] [DEBUG] Getting CLI versions from NPM for storybook-addon-deep-controls...
[11:29:23.168] [DEBUG] Executing command: pnpm info storybook-addon-deep-controls version
[11:29:24.305] [DEBUG] Checking fix initial-globals for project libs/soba/.storybook...
[11:29:24.315] [DEBUG] Checking fix addon-globals-api for project libs/soba/.storybook...
[11:29:24.317] [DEBUG] Checking fix addon-a11y-addon-test for project libs/soba/.storybook...
[11:29:24.317] [DEBUG] Checking fix consolidated-imports for project libs/soba/.storybook...
[11:29:24.319] [DEBUG] Checking fix addon-experimental-test for project libs/soba/.storybook...
[11:29:24.319] [DEBUG] Using cached installed version for @storybook/experimental-addon-test...
[11:29:24.319] [DEBUG] Checking fix rnstorybook-config for project libs/soba/.storybook...
[11:29:24.319] [DEBUG] Using cached package.json for /Users/nartc/code/github/angular-threejs/angular-three/libs/soba/package.json...
[11:29:24.319] [DEBUG] Using cached package.json for /Users/nartc/code/github/angular-threejs/angular-three/package.json...
[11:29:24.319] [DEBUG] Checking fix migrate-addon-console for project libs/soba/.storybook...
[11:29:24.319] [DEBUG] Using cached package.json for /Users/nartc/code/github/angular-threejs/angular-three/libs/soba/package.json...
[11:29:24.319] [DEBUG] Using cached package.json for /Users/nartc/code/github/angular-threejs/angular-three/package.json...
[11:29:24.319] [DEBUG] Checking fix nextjs-to-nextjs-vite for project libs/soba/.storybook...
[11:29:24.319] [DEBUG] Using cached package.json for /Users/nartc/code/github/angular-threejs/angular-three/libs/soba/package.json...
[11:29:24.319] [DEBUG] Using cached package.json for /Users/nartc/code/github/angular-threejs/angular-three/package.json...
[11:29:24.319] [DEBUG] Checking fix remove-addon-interactions for project libs/soba/.storybook...
[11:29:24.319] [DEBUG] Using cached package.json for /Users/nartc/code/github/angular-threejs/angular-three/libs/soba/package.json...
[11:29:24.319] [DEBUG] Using cached package.json for /Users/nartc/code/github/angular-threejs/angular-three/package.json...
[11:29:24.319] [DEBUG] Checking fix renderer-to-framework for project libs/soba/.storybook...
[11:29:24.320] [DEBUG] Checking fix remove-essential-addons for project libs/soba/.storybook...
[11:29:24.320] [DEBUG] Using cached package.json for /Users/nartc/code/github/angular-threejs/angular-three/libs/soba/package.json...
[11:29:24.320] [DEBUG] Using cached package.json for /Users/nartc/code/github/angular-threejs/angular-three/package.json...
[11:29:24.320] [DEBUG] Checking fix addon-a11y-parameters for project libs/soba/.storybook...
[11:29:24.320] [DEBUG] Checking fix remove-docs-autodocs for project libs/soba/.storybook...
[11:29:24.326] [DEBUG] Checking fix wrap-getAbsolutePath for project libs/soba/.storybook...
[11:29:24.329] [DEBUG] Checking fix fix-faux-esm-require for project libs/soba/.storybook...
[11:29:24.330] [INFO] detect-automigrations-task: 
Automigrations detected:
[11:29:24.330] [INFO] detect-automigrations-task-success: No automigrations detected
[11:29:24.330] [DEBUG] Completed automigrations for libs/soba/.storybook
[11:29:24.330] [INFO] Installing dependencies...
[11:29:24.330] [INFO] install-dependencies-spinner-start: Installing dependencies...
[11:29:24.331] [DEBUG] Executing command: pnpm install
[11:29:24.635] [INFO] Installing dependencies...: Lockfile is up to date, resolution step is skipped

[11:29:24.635] [INFO] install-dependencies-spinner: Installing dependencies...: Lockfile is up to date, r
[11:29:24.784] [INFO] Installing dependencies...: Already up to date

[11:29:24.784] [INFO] install-dependencies-spinner: Installing dependencies...: Already up to date
[11:29:25.313] [INFO] Installing dependencies...: 

[11:29:25.313] [INFO] install-dependencies-spinner: Installing dependencies...: 
[11:29:25.337] [INFO] Installing dependencies...: Done in 951ms using pnpm v10.14.0

[11:29:25.337] [INFO] install-dependencies-spinner: Installing dependencies...: Done in 951ms using pnpm 
[11:29:25.343] [INFO] Dependencies installed
[11:29:25.343] [INFO] install-dependencies-spinner-stop: Dependencies installed
[11:29:25.344] [WARN] Since you are in a monorepo, we advise you to deduplicate your dependencies. We can do this for you but it might take some time.
[11:29:28.201] [PROMPT] Execute pnpm run dedupe? {"choice":true}
[11:29:28.201] [INFO] Deduplicating dependencies...
[11:29:28.201] [INFO] Deduplicating dependencies...
[11:29:28.201] [DEBUG] Executing command: pnpm dedupe
[11:29:28.566] [INFO] Progress: resolved 1, reused 0, downloaded 0, added 0
[11:29:28.566] [INFO] Progress: resolved 1, reused 0, downloaded 0, added 0
[11:29:29.567] [INFO] Progress: resolved 91, reused 89, downloaded 0, added 0
[11:29:29.567] [INFO] Progress: resolved 91, reused 89, downloaded 0, added 0
[11:29:30.568] [INFO] Progress: resolved 119, reused 119, downloaded 0, added 0
[11:29:30.568] [INFO] Progress: resolved 119, reused 119, downloaded 0, added 0
[11:29:31.593] [INFO] Progress: resolved 262, reused 262, downloaded 0, added 0
[11:29:31.593] [INFO] Progress: resolved 262, reused 262, downloaded 0, added 0
[11:29:32.594] [INFO] Progress: resolved 382, reused 373, downloaded 0, added 0
[11:29:32.594] [INFO] Progress: resolved 382, reused 373, downloaded 0, added 0
[11:29:33.594] [INFO] Progress: resolved 510, reused 492, downloaded 0, added 0
[11:29:33.594] [INFO] Progress: resolved 510, reused 492, downloaded 0, added 0
[11:29:34.595] [INFO] Progress: resolved 578, reused 560, downloaded 0, added 0
[11:29:34.595] [INFO] Progress: resolved 578, reused 560, downloaded 0, added 0
[11:29:35.596] [INFO] Progress: resolved 751, reused 708, downloaded 0, added 0
[11:29:35.596] [INFO] Progress: resolved 751, reused 708, downloaded 0, added 0
[11:29:36.596] [INFO] Progress: resolved 872, reused 829, downloaded 0, added 0
[11:29:36.596] [INFO] Progress: resolved 872, reused 829, downloaded 0, added 0
[11:29:37.596] [INFO] Progress: resolved 1018, reused 956, downloaded 0, added 0
[11:29:37.596] [INFO] Progress: resolved 1018, reused 956, downloaded 0, added 0
[11:29:38.597] [INFO] Progress: resolved 1172, reused 1068, downloaded 0, added 0
[11:29:38.597] [INFO] Progress: resolved 1172, reused 1068, downloaded 0, added 0
[11:29:39.597] [INFO] Progress: resolved 1354, reused 1188, downloaded 0, added 0
[11:29:39.597] [INFO] Progress: resolved 1354, reused 1188, downloaded 0, added 0
[11:29:40.597] [INFO] Progress: resolved 1429, reused 1238, downloaded 0, added 0
[11:29:40.597] [INFO] Progress: resolved 1429, reused 1238, downloaded 0, added 0
[11:29:41.597] [INFO] Progress: resolved 1611, reused 1393, downloaded 0, added 0
[11:29:41.597] [INFO] Progress: resolved 1611, reused 1393, downloaded 0, added 0
[11:29:42.604] [INFO] Progress: resolved 1833, reused 1568, downloaded 0, added 0
[11:29:42.604] [INFO] Progress: resolved 1833, reused 1568, downloaded 0, added 0
[11:29:43.605] [INFO] Progress: resolved 2022, reused 1744, downloaded 0, added 0
[11:29:43.605] [INFO] Progress: resolved 2022, reused 1744, downloaded 0, added 0
[11:29:44.605] [INFO] Progress: resolved 2149, reused 1871, downloaded 0, added 0
[11:29:44.605] [INFO] Progress: resolved 2149, reused 1871, downloaded 0, added 0
[11:29:45.605] [INFO] Progress: resolved 2281, reused 2003, downloaded 0, added 0
[11:29:45.605] [INFO] Progress: resolved 2281, reused 2003, downloaded 0, added 0
[11:29:46.094] [INFO] WARN  9 deprecated subdependencies found: expect-playwright@0.8.0, glob@7.2.3, inflight@1.0.6, jest-process-manager@0.4.0, keygrip@1.1.0, read-pkg-up@11.0.0, rimraf@3.0.2, whatwg-encoding@2.0.0, whatwg-encoding@3.1.1
[11:29:46.094] [INFO] WARN  9 deprecated subdependencies found: expect-playwright@0.8.0, glob@7.2.3, inflight@1.0.6, jest-process-manager@0.4.0, keygrip@1.1.0, read-pkg-up@11.0.0, rimraf@3.0.2, whatwg-encoding@2.0.0, whatwg-encoding@3.1.1
[11:29:46.122] [INFO] Already up to date
[11:29:46.122] [INFO] Already up to date
[11:29:46.204] [INFO] Progress: resolved 2288, reused 2010, downloaded 0, added 0, done
[11:29:46.204] [INFO] Progress: resolved 2288, reused 2010, downloaded 0, added 0, done
[11:29:46.468] [INFO] WARN  Issues with peer dependencies found
.
├─┬ @angular-devkit/build-angular 21.0.4
│ ├── ✕ unmet peer jest@^30.2.0: found 30.0.5
│ ├── ✕ unmet peer jest-environment-jsdom@^30.2.0: found 30.0.5
│ └─┬ @angular/build 21.0.4
│   └─┬ vite 7.2.2
│     └── ✕ unmet peer @types/node@"^20.19.0 || >=22.12.0": found 20.14.12
├─┬ vite 7.1.9
│ └── ✕ unmet peer @types/node@"^20.19.0 || >=22.12.0": found 20.14.12
└─┬ storybook-addon-deep-controls 0.9.5
  └── ✕ unmet peer storybook@">= 7.0.0 < 8.5.0 || >= 9.0.0 < 10.0.0": found 10.1.10
[11:29:46.468] [INFO] WARN  Issues with peer dependencies found
.
├─┬ @angular-devkit/build-angular 21.0.4
│ ├── ✕ unmet peer jest@^30.2.0: found 30.0.5
│ ├── ✕ unmet peer jest-environment-jsdom@^30.2.0: found 30.0.5
│ └─┬ @angular/build 21.0.4
│   └─┬ vite 7.2.2
│     └── ✕ unmet peer @types/node@"^20.19.0 || >=22.12.0": found 20.14.12
├─┬ vite 7.1.9
│ └── ✕ unmet peer @types/node@"^20.19.0 || >=22.12.0": found 20.14.12
└─┬ storybook-addon-deep-controls 0.9.5
  └── ✕ unmet peer storybook@">= 7.0.0 < 8.5.0 || >= 9.0.0 < 10.0.0": found 10.1.10
[11:29:46.469] [INFO] 
[11:29:46.469] [INFO] 
[11:29:46.509] [INFO] Dependencies deduplicated
[11:29:46.509] [INFO] [32mDependencies deduplicated[39m
[11:29:46.509] [INFO] Checking the health of your project(s)..
[11:29:46.510] [DEBUG] Using cached package.json for /Users/nartc/code/github/angular-threejs/angular-three/libs/soba/package.json...
[11:29:46.510] [DEBUG] Using cached package.json for /Users/nartc/code/github/angular-threejs/angular-three/package.json...
[11:29:46.511] [DEBUG] Executing command: pnpm list "@storybook/*" "storybook" --json --depth=99
[11:29:46.718] [WARN] libs/soba/.storybook: 1 issue found
[11:29:46.718] [INFO] You are currently using Storybook [1m10.1.10[22m but you have packages which are incompatible with it:

- storybook-addon-deep-controls@0.9.5 which depends on >= 7.0.0 < 8.5.0 || >= 9.0.0 < 10.0.0
 Repo: https://github.com/eliasm307/storybook-addon-deep-controls#readme

Please consider updating your packages or contacting the maintainers for compatibility details.

For more details on compatibility guidance, see:
https://github.com/storybookjs/storybook/issues/32836
[11:29:46.718] [INFO] Storybook doctor is complete!
[11:29:46.718] [INFO] You can always recheck the health of your project(s) by running:
[36mnpx storybook doctor[39m
[11:29:46.719] [INFO] [33mYour project(s) have been upgraded successfully, but some issues were found which need your attention, please check Storybook doctor logs above.[39m
[11:29:46.719] [INFO] For a full list of changes, please check our migration guide: [36mhttps://storybook.js.org/docs/releases/migration-guide?ref=upgrade[39m
[11:29:48.238] [INFO] Storybook upgrade completed!